Using pre-set license
Built from '2020.2/release' branch; Version is '2020.2.1f1 (270dd8c3da1c) revision 2559448'; Using compiler version '192528614'; Build Type 'Release'
OS: 'Windows 10  (10.0.0) 64bit' Language: 'en' Physical Memory: 16122 MB
BatchMode: 1, IsHumanControllingUs: 0, StartBugReporterOnCrash: 0, Is64bit: 1, IsPro: 0

 COMMAND LINE ARGUMENTS:
C:\Program Files\Unity\Hub\Editor\2020.2.1f1\Editor\Unity.exe
-adb2
-batchMode
-noUpm
-name
AssetImportWorker0
-projectPath
C:/Users/amede/Documents/Projects/SteeringBehaviours
-logFile
Logs/AssetImportWorker0.log
-srvPort
1059
Successfully changed project path to: C:/Users/amede/Documents/Projects/SteeringBehaviours
C:/Users/amede/Documents/Projects/SteeringBehaviours
Using Asset Import Pipeline V2.
Refreshing native plugins compatible for Editor in 35.73 ms, found 0 plugins.
Preloading 0 native plugins for Editor in 0.00 ms.
Initialize engine version: 2020.2.1f1 (270dd8c3da1c)
[Subsystems] Discovering subsystems at path C:/Program Files/Unity/Hub/Editor/2020.2.1f1/Editor/Data/Resources/UnitySubsystems
[Subsystems] Discovering subsystems at path C:/Users/amede/Documents/Projects/SteeringBehaviours/Assets
GfxDevice: creating device client; threaded=0
Direct3D:
    Version:  Direct3D 11.0 [level 11.1]
    Renderer: NVIDIA GeForce GTX 1650 Ti with Max-Q Design (ID=0x1f95)
    Vendor:   
    VRAM:     3962 MB
    Driver:   26.21.14.4253
Initialize mono
Mono path[0] = 'C:/Program Files/Unity/Hub/Editor/2020.2.1f1/Editor/Data/Managed'
Mono path[1] = 'C:/Program Files/Unity/Hub/Editor/2020.2.1f1/Editor/Data/MonoBleedingEdge/lib/mono/unityjit'
Mono config path = 'C:/Program Files/Unity/Hub/Editor/2020.2.1f1/Editor/Data/MonoBleedingEdge/etc'
Using monoOptions --debugger-agent=transport=dt_socket,embedding=1,server=y,suspend=n,address=127.0.0.1:56444
Begin MonoManager ReloadAssembly
Registering precompiled unity dll's ...
Register platform support module: C:/Program Files/Unity/Hub/Editor/2020.2.1f1/Editor/Data/PlaybackEngines/WindowsStandaloneSupport/UnityEditor.WindowsStandalone.Extensions.dll
Register platform support module: C:/Program Files/Unity/Hub/Editor/2020.2.1f1/Editor/Data/PlaybackEngines/LinuxStandaloneSupport/UnityEditor.LinuxStandalone.Extensions.dll
Registered in 0.002011 seconds.
Native extension for LinuxStandalone target not found
Native extension for WindowsStandalone target not found
Refreshing native plugins compatible for Editor in 34.20 ms, found 0 plugins.
Preloading 0 native plugins for Editor in 0.00 ms.
Invoked RoslynAnalysisRunner static constructor.
RoslynAnalysisRunner will not be running.
RoslynAnalysisRunner has terminated.
Mono: successfully reloaded assembly
- Completed reload, in  2.580 seconds
Platform modules already initialized, skipping
Registering precompiled user dll's ...
Registered in 0.001382 seconds.
Begin MonoManager ReloadAssembly
Native extension for LinuxStandalone target not found
Native extension for WindowsStandalone target not found
Refreshing native plugins compatible for Editor in 0.33 ms, found 0 plugins.
Preloading 0 native plugins for Editor in 0.00 ms.
Invoked RoslynAnalysisRunner static constructor.
RoslynAnalysisRunner will not be running.
RoslynAnalysisRunner has terminated.
Mono: successfully reloaded assembly
- Completed reload, in  0.863 seconds
Platform modules already initialized, skipping
========================================================================
Worker process is ready to serve import requests
Launched and connected shader compiler UnityShaderCompiler.exe after 0.03 seconds
Refreshing native plugins compatible for Editor in 0.19 ms, found 0 plugins.
Preloading 0 native plugins for Editor in 0.00 ms.
Unloading 1094 Unused Serialized files (Serialized files now loaded: 0)
System memory in use before: 55.9 MB.
System memory in use after: 55.9 MB.

Unloading 10 unused Assets to reduce memory usage. Loaded Objects now: 1533.
Total: 1.562100 ms (FindLiveObjects: 0.137600 ms CreateObjectMapping: 0.043700 ms MarkObjects: 1.321800 ms  DeleteObjects: 0.057500 ms)

========================================================================
Received Import Request.
  path: Assets
  artifactKey: Guid(00000000000000001000000000000000) Importer(815301076,1909f56bfc062723c751e8b465ee728b)
Start importing Assets using Guid(00000000000000001000000000000000) Importer(815301076,1909f56bfc062723c751e8b465ee728b)  -> (artifact id: 'e1a2c4dac9df7c17871e19a3b74f0e9f') in 0.010542 seconds
  Import took 0.014368 seconds .

========================================================================
Received Import Request.
  Time since last request: 20.675493 seconds.
  path: Assets/TestFollow.cs
  artifactKey: Guid(f47c9a23cc779d44aabbe93dd4cff5a1) Importer(815301076,1909f56bfc062723c751e8b465ee728b)
Start importing Assets/TestFollow.cs using Guid(f47c9a23cc779d44aabbe93dd4cff5a1) Importer(815301076,1909f56bfc062723c751e8b465ee728b)  -> (artifact id: 'e21201d42c74112f88d4f9eae849136e') in 0.034393 seconds
  Import took 0.036920 seconds .

========================================================================
Received Import Request.
  Time since last request: 0.007869 seconds.
  path: Assets/TestFollow.cs
  artifactKey: Guid(f47c9a23cc779d44aabbe93dd4cff5a1) Importer(815301076,1909f56bfc062723c751e8b465ee728b)
Start importing Assets/TestFollow.cs using Guid(f47c9a23cc779d44aabbe93dd4cff5a1) Importer(815301076,1909f56bfc062723c751e8b465ee728b)  -> (artifact id: 'e21201d42c74112f88d4f9eae849136e') in 0.002814 seconds
  Import took 0.005900 seconds .

========================================================================
Received Import Request.
  Time since last request: 6.442629 seconds.
  path: Assets/AnimatedAgent.cs
  artifactKey: Guid(23a33418951fbf444b16a7a0c0b66b2a) Importer(815301076,1909f56bfc062723c751e8b465ee728b)
Start importing Assets/AnimatedAgent.cs using Guid(23a33418951fbf444b16a7a0c0b66b2a) Importer(815301076,1909f56bfc062723c751e8b465ee728b)  -> (artifact id: 'e920b86e6bae4997c7cdbe6524b84168') in 0.007894 seconds
  Import took 0.009942 seconds .

========================================================================
Received Import Request.
  Time since last request: 0.001272 seconds.
  path: Assets/AnimatedAgent.cs
  artifactKey: Guid(23a33418951fbf444b16a7a0c0b66b2a) Importer(815301076,1909f56bfc062723c751e8b465ee728b)
Start importing Assets/AnimatedAgent.cs using Guid(23a33418951fbf444b16a7a0c0b66b2a) Importer(815301076,1909f56bfc062723c751e8b465ee728b)  -> (artifact id: 'e920b86e6bae4997c7cdbe6524b84168') in 0.002338 seconds
  Import took 0.004241 seconds .

========================================================================
Received Import Request.
  Time since last request: 12.098973 seconds.
  path: Assets/Scripts
  artifactKey: Guid(906f94146754c8c4199cf41b862ba6f0) Importer(815301076,1909f56bfc062723c751e8b465ee728b)
Start importing Assets/Scripts using Guid(906f94146754c8c4199cf41b862ba6f0) Importer(815301076,1909f56bfc062723c751e8b465ee728b)  -> (artifact id: 'f95219b1ba59c9ef36f6600f00dc3c91') in 0.010100 seconds
  Import took 0.012920 seconds .

========================================================================
Received Import Request.
  Time since last request: 0.002944 seconds.
  path: Assets/Scripts
  artifactKey: Guid(906f94146754c8c4199cf41b862ba6f0) Importer(815301076,1909f56bfc062723c751e8b465ee728b)
Start importing Assets/Scripts using Guid(906f94146754c8c4199cf41b862ba6f0) Importer(815301076,1909f56bfc062723c751e8b465ee728b)  -> (artifact id: 'f95219b1ba59c9ef36f6600f00dc3c91') in 0.002307 seconds
  Import took 0.005238 seconds .

========================================================================
Received Import Request.
  Time since last request: 1.459758 seconds.
  path: Assets/ActiveSteering.cs
  artifactKey: Guid(2bdcced745234bc45bea47ab78bd3dec) Importer(815301076,1909f56bfc062723c751e8b465ee728b)
Start importing Assets/ActiveSteering.cs using Guid(2bdcced745234bc45bea47ab78bd3dec) Importer(815301076,1909f56bfc062723c751e8b465ee728b)  -> (artifact id: '09d8aa4d3c846c1caa9d11a8c2a2eeb7') in 0.008028 seconds
  Import took 0.019826 seconds .

========================================================================
Received Import Request.
  Time since last request: 10.149659 seconds.
  path: Assets/Scripts/Agent.cs
  artifactKey: Guid(38743403cc3ca824f817ad1d87f3e51f) Importer(815301076,1909f56bfc062723c751e8b465ee728b)
Start importing Assets/Scripts/Agent.cs using Guid(38743403cc3ca824f817ad1d87f3e51f) Importer(815301076,1909f56bfc062723c751e8b465ee728b)  -> (artifact id: '336c5471c793bef619b4df07ba515fd2') in 0.010578 seconds
  Import took 0.013008 seconds .

========================================================================
Received Import Request.
  Time since last request: 57.254669 seconds.
  path: Assets/Scripts/ClickArriveBehaviour.cs
  artifactKey: Guid(05d55691653c38448957a4e74f3d2f15) Importer(815301076,1909f56bfc062723c751e8b465ee728b)
Start importing Assets/Scripts/ClickArriveBehaviour.cs using Guid(05d55691653c38448957a4e74f3d2f15) Importer(815301076,1909f56bfc062723c751e8b465ee728b)  -> (artifact id: '2ebdbbab14044abd3b4a22c2d68142ed') in 0.007990 seconds
  Import took 0.011780 seconds .

========================================================================
Received Import Request.
  Time since last request: 0.000970 seconds.
  path: Assets/Scripts/ClickArriveBehaviour.cs
  artifactKey: Guid(05d55691653c38448957a4e74f3d2f15) Importer(815301076,1909f56bfc062723c751e8b465ee728b)
Start importing Assets/Scripts/ClickArriveBehaviour.cs using Guid(05d55691653c38448957a4e74f3d2f15) Importer(815301076,1909f56bfc062723c751e8b465ee728b)  -> (artifact id: '2ebdbbab14044abd3b4a22c2d68142ed') in 0.002480 seconds
  Import took 0.004841 seconds .

========================================================================
Received Import Request.
  Time since last request: 28.374314 seconds.
  path: Assets/Scripts/PathFinder.cs
  artifactKey: Guid(fd3661836bddd4748b5f6bd01686f5eb) Importer(815301076,1909f56bfc062723c751e8b465ee728b)
Start importing Assets/Scripts/PathFinder.cs using Guid(fd3661836bddd4748b5f6bd01686f5eb) Importer(815301076,1909f56bfc062723c751e8b465ee728b)  -> (artifact id: '7e7373e2e4df70612908ebfe56136ec4') in 0.010077 seconds
  Import took 0.012971 seconds .

========================================================================
Received Import Request.
  Time since last request: 0.001232 seconds.
  path: Assets/Scripts/PathFinder.cs
  artifactKey: Guid(fd3661836bddd4748b5f6bd01686f5eb) Importer(815301076,1909f56bfc062723c751e8b465ee728b)
Start importing Assets/Scripts/PathFinder.cs using Guid(fd3661836bddd4748b5f6bd01686f5eb) Importer(815301076,1909f56bfc062723c751e8b465ee728b)  -> (artifact id: '7e7373e2e4df70612908ebfe56136ec4') in 0.006808 seconds
  Import took 0.011577 seconds .

========================================================================
Received Import Request.
  Time since last request: 3.045875 seconds.
  path: Assets/Scripts/FollowPathBehaviour.cs
  artifactKey: Guid(0d4fbb3f7eb455446b8c8767fc8958bf) Importer(815301076,1909f56bfc062723c751e8b465ee728b)
Start importing Assets/Scripts/FollowPathBehaviour.cs using Guid(0d4fbb3f7eb455446b8c8767fc8958bf) Importer(815301076,1909f56bfc062723c751e8b465ee728b)  -> (artifact id: '869be682aea541828bdfccbb7b20b051') in 0.008589 seconds
  Import took 0.013664 seconds .

========================================================================
Received Import Request.
  Time since last request: 63.245424 seconds.
  path: Assets/Scripts/MapPath.cs
  artifactKey: Guid(1d9106cf85c599a438c5c6e6f7928473) Importer(815301076,1909f56bfc062723c751e8b465ee728b)
Start importing Assets/Scripts/MapPath.cs using Guid(1d9106cf85c599a438c5c6e6f7928473) Importer(815301076,1909f56bfc062723c751e8b465ee728b)  -> (artifact id: '7210d0ede04d696bfc8523773f95a932') in 0.011209 seconds
  Import took 0.016282 seconds .

========================================================================
Received Import Request.
  Time since last request: 0.024472 seconds.
  path: Assets/Scripts/MapPath.cs
  artifactKey: Guid(1d9106cf85c599a438c5c6e6f7928473) Importer(815301076,1909f56bfc062723c751e8b465ee728b)
Start importing Assets/Scripts/MapPath.cs using Guid(1d9106cf85c599a438c5c6e6f7928473) Importer(815301076,1909f56bfc062723c751e8b465ee728b)  -> (artifact id: '7210d0ede04d696bfc8523773f95a932') in 0.011086 seconds
  Import took 0.015915 seconds .

========================================================================
Received Import Request.
  Time since last request: 48.188332 seconds.
  path: Assets/Scripts/MapPath.cs
  artifactKey: Guid(1d9106cf85c599a438c5c6e6f7928473) Importer(815301076,1909f56bfc062723c751e8b465ee728b)
Start importing Assets/Scripts/MapPath.cs using Guid(1d9106cf85c599a438c5c6e6f7928473) Importer(815301076,1909f56bfc062723c751e8b465ee728b)  -> (artifact id: 'ea0ecdc36f0af162739d66a8db50335a') in 0.002723 seconds
  Import took 0.005240 seconds .

========================================================================
Received Import Request.
  Time since last request: 10.960207 seconds.
  path: Assets/Scripts/Cell.cs
  artifactKey: Guid(02c773f076df6654d8e2a3df25b45848) Importer(815301076,1909f56bfc062723c751e8b465ee728b)
Start importing Assets/Scripts/Cell.cs using Guid(02c773f076df6654d8e2a3df25b45848) Importer(815301076,1909f56bfc062723c751e8b465ee728b)  -> (artifact id: '334c73e5fe07faf00133eaff38b6aa43') in 0.008266 seconds
  Import took 0.010678 seconds .

========================================================================
Received Import Request.
  Time since last request: 25.126517 seconds.
  path: Assets/Scripts/Cell.cs
  artifactKey: Guid(02c773f076df6654d8e2a3df25b45848) Importer(815301076,1909f56bfc062723c751e8b465ee728b)
Start importing Assets/Scripts/Cell.cs using Guid(02c773f076df6654d8e2a3df25b45848) Importer(815301076,1909f56bfc062723c751e8b465ee728b)  -> (artifact id: '52da8d1ba53ec01651ad47c5a53cea45') in 0.002793 seconds
  Import took 0.004786 seconds .

========================================================================
Received Import Request.
  Time since last request: 26.230632 seconds.
  path: Assets/Scripts/Cell.cs
  artifactKey: Guid(02c773f076df6654d8e2a3df25b45848) Importer(815301076,1909f56bfc062723c751e8b465ee728b)
Start importing Assets/Scripts/Cell.cs using Guid(02c773f076df6654d8e2a3df25b45848) Importer(815301076,1909f56bfc062723c751e8b465ee728b)  -> (artifact id: '41d41e4193120a5a3c426ec7c0bd5f19') in 0.003335 seconds
  Import took 0.005774 seconds .

========================================================================
Received Import Request.
  Time since last request: 0.001368 seconds.
  path: Assets/Scripts/Cell.cs
  artifactKey: Guid(02c773f076df6654d8e2a3df25b45848) Importer(815301076,1909f56bfc062723c751e8b465ee728b)
Start importing Assets/Scripts/Cell.cs using Guid(02c773f076df6654d8e2a3df25b45848) Importer(815301076,1909f56bfc062723c751e8b465ee728b)  -> (artifact id: '41d41e4193120a5a3c426ec7c0bd5f19') in 0.003246 seconds
  Import took 0.005280 seconds .

========================================================================
Received Import Request.
  Time since last request: 139.400400 seconds.
  path: Assets/Scripts/FollowBehaviour.cs
  artifactKey: Guid(8713ae4b1d70c464dae6e583f7478fca) Importer(815301076,1909f56bfc062723c751e8b465ee728b)
Start importing Assets/Scripts/FollowBehaviour.cs using Guid(8713ae4b1d70c464dae6e583f7478fca) Importer(815301076,1909f56bfc062723c751e8b465ee728b)  -> (artifact id: '52066abc42fdec4799580c481c232b53') in 0.007858 seconds
  Import took 0.009789 seconds .

========================================================================
Received Import Request.
  Time since last request: 0.001955 seconds.
  path: Assets/Scripts/FollowBehaviour.cs
  artifactKey: Guid(8713ae4b1d70c464dae6e583f7478fca) Importer(815301076,1909f56bfc062723c751e8b465ee728b)
Start importing Assets/Scripts/FollowBehaviour.cs using Guid(8713ae4b1d70c464dae6e583f7478fca) Importer(815301076,1909f56bfc062723c751e8b465ee728b)  -> (artifact id: '52066abc42fdec4799580c481c232b53') in 0.002598 seconds
  Import took 0.004562 seconds .

========================================================================
Received Import Request.
  Time since last request: 9.767586 seconds.
  path: Assets/Scripts/SteeringOutput.cs
  artifactKey: Guid(ed90bcefbde4cf34d9693f3c0fdafa52) Importer(815301076,1909f56bfc062723c751e8b465ee728b)
Start importing Assets/Scripts/SteeringOutput.cs using Guid(ed90bcefbde4cf34d9693f3c0fdafa52) Importer(815301076,1909f56bfc062723c751e8b465ee728b)  -> (artifact id: '90597dca3ef3cce0e5191d8145e1150a') in 0.010028 seconds
  Import took 0.012764 seconds .

========================================================================
Received Import Request.
  Time since last request: 0.000832 seconds.
  path: Assets/Scripts/SteeringOutput.cs
  artifactKey: Guid(ed90bcefbde4cf34d9693f3c0fdafa52) Importer(815301076,1909f56bfc062723c751e8b465ee728b)
Start importing Assets/Scripts/SteeringOutput.cs using Guid(ed90bcefbde4cf34d9693f3c0fdafa52) Importer(815301076,1909f56bfc062723c751e8b465ee728b)  -> (artifact id: '90597dca3ef3cce0e5191d8145e1150a') in 0.002514 seconds
  Import took 0.004868 seconds .

========================================================================
Received Import Request.
  Time since last request: 22.038045 seconds.
  path: Assets/Scripts/SteeringOutput.cs
  artifactKey: Guid(ed90bcefbde4cf34d9693f3c0fdafa52) Importer(815301076,1909f56bfc062723c751e8b465ee728b)
Start importing Assets/Scripts/SteeringOutput.cs using Guid(ed90bcefbde4cf34d9693f3c0fdafa52) Importer(815301076,1909f56bfc062723c751e8b465ee728b)  -> (artifact id: '3db11755b0290f44e2ba66ad19897b67') in 0.002373 seconds
  Import took 0.004878 seconds .

========================================================================
Received Import Request.
  Time since last request: 386.824127 seconds.
  path: Assets/Scripts/BanditAvoidBehaviour.cs
  artifactKey: Guid(b2b1eacebf8b80d4a975ce31b940a487) Importer(815301076,1909f56bfc062723c751e8b465ee728b)
Start importing Assets/Scripts/BanditAvoidBehaviour.cs using Guid(b2b1eacebf8b80d4a975ce31b940a487) Importer(815301076,1909f56bfc062723c751e8b465ee728b)  -> (artifact id: '2e8de4cd0c63aa13014b05c40b37806b') in 0.007971 seconds
  Import took 0.010233 seconds .

========================================================================
Received Import Request.
  Time since last request: 0.001213 seconds.
  path: Assets/Scripts/BanditAvoidBehaviour.cs
  artifactKey: Guid(b2b1eacebf8b80d4a975ce31b940a487) Importer(815301076,1909f56bfc062723c751e8b465ee728b)
Start importing Assets/Scripts/BanditAvoidBehaviour.cs using Guid(b2b1eacebf8b80d4a975ce31b940a487) Importer(815301076,1909f56bfc062723c751e8b465ee728b)  -> (artifact id: '2e8de4cd0c63aa13014b05c40b37806b') in 0.003091 seconds
  Import took 0.005172 seconds .

========================================================================
Received Import Request.
  Time since last request: 11.843980 seconds.
  path: Assets/Scripts/MultiAvoidBehaviour.cs
  artifactKey: Guid(ddaf9a51ad03b4941905db40dd04e7e1) Importer(815301076,1909f56bfc062723c751e8b465ee728b)
Start importing Assets/Scripts/MultiAvoidBehaviour.cs using Guid(ddaf9a51ad03b4941905db40dd04e7e1) Importer(815301076,1909f56bfc062723c751e8b465ee728b)  -> (artifact id: '235e408e639a822c2d25333b6f49ce47') in 0.008849 seconds
  Import took 0.020216 seconds .

========================================================================
Received Import Request.
  Time since last request: 9.044878 seconds.
  path: Assets/Scripts/Behaviours
  artifactKey: Guid(5adc2106c475add4589392f01de58bfd) Importer(815301076,1909f56bfc062723c751e8b465ee728b)
Start importing Assets/Scripts/Behaviours using Guid(5adc2106c475add4589392f01de58bfd) Importer(815301076,1909f56bfc062723c751e8b465ee728b)  -> (artifact id: '5078971f98a5589fbc08ae26e7d0021b') in 0.009079 seconds
  Import took 0.011236 seconds .

========================================================================
Received Import Request.
  Time since last request: 0.005861 seconds.
  path: Assets/Scripts/Behaviours
  artifactKey: Guid(5adc2106c475add4589392f01de58bfd) Importer(815301076,1909f56bfc062723c751e8b465ee728b)
Start importing Assets/Scripts/Behaviours using Guid(5adc2106c475add4589392f01de58bfd) Importer(815301076,1909f56bfc062723c751e8b465ee728b)  -> (artifact id: '5078971f98a5589fbc08ae26e7d0021b') in 0.003097 seconds
  Import took 0.005893 seconds .

========================================================================
Received Import Request.
  Time since last request: 1.369891 seconds.
  path: Assets/Scripts/ActiveSteering.cs
  artifactKey: Guid(2bdcced745234bc45bea47ab78bd3dec) Importer(815301076,1909f56bfc062723c751e8b465ee728b)
Start importing Assets/Scripts/ActiveSteering.cs using Guid(2bdcced745234bc45bea47ab78bd3dec) Importer(815301076,1909f56bfc062723c751e8b465ee728b)  -> (artifact id: '53682e9633ad081a9b7434c482fa32d3') in 0.002780 seconds
  Import took 0.004723 seconds .

========================================================================
Received Import Request.
  Time since last request: 0.003373 seconds.
  path: Assets/Scripts/ActiveSteering.cs
  artifactKey: Guid(2bdcced745234bc45bea47ab78bd3dec) Importer(815301076,1909f56bfc062723c751e8b465ee728b)
Start importing Assets/Scripts/ActiveSteering.cs using Guid(2bdcced745234bc45bea47ab78bd3dec) Importer(815301076,1909f56bfc062723c751e8b465ee728b)  -> (artifact id: '53682e9633ad081a9b7434c482fa32d3') in 0.002443 seconds
  Import took 0.004574 seconds .

========================================================================
Received Import Request.
  Time since last request: 3.788804 seconds.
  path: Assets/Scripts/ArriveBehaviour.cs
  artifactKey: Guid(94e9f77351d2cb74197075398c1d0605) Importer(815301076,1909f56bfc062723c751e8b465ee728b)
Start importing Assets/Scripts/ArriveBehaviour.cs using Guid(94e9f77351d2cb74197075398c1d0605) Importer(815301076,1909f56bfc062723c751e8b465ee728b)  -> (artifact id: '2eae1ea461599cdafae9572a1afd2015') in 0.009304 seconds
  Import took 0.012349 seconds .

========================================================================
Received Import Request.
  Time since last request: 3100.517986 seconds.
  path: Assets/Scripts/Behaviours/PriorityQueue.cs
  artifactKey: Guid(72864eb20e90abd4bad79c985ced2935) Importer(815301076,1909f56bfc062723c751e8b465ee728b)
Start importing Assets/Scripts/Behaviours/PriorityQueue.cs using Guid(72864eb20e90abd4bad79c985ced2935) Importer(815301076,1909f56bfc062723c751e8b465ee728b)  -> (artifact id: 'd069fff3aeef909b3d5c6e6cf7f032ed') in 0.013351 seconds
  Import took 0.020595 seconds .

========================================================================
Received Import Request.
  Time since last request: 0.001015 seconds.
  path: Assets/Scripts/Behaviours/PriorityQueue.cs
  artifactKey: Guid(72864eb20e90abd4bad79c985ced2935) Importer(815301076,1909f56bfc062723c751e8b465ee728b)
Start importing Assets/Scripts/Behaviours/PriorityQueue.cs using Guid(72864eb20e90abd4bad79c985ced2935) Importer(815301076,1909f56bfc062723c751e8b465ee728b)  -> (artifact id: 'd069fff3aeef909b3d5c6e6cf7f032ed') in 0.036880 seconds
  Import took 0.040609 seconds .

========================================================================
Received Import Request.
  Time since last request: 159.498337 seconds.
  path: Assets/Scripts/ComparableQueue.cs
  artifactKey: Guid(72864eb20e90abd4bad79c985ced2935) Importer(815301076,1909f56bfc062723c751e8b465ee728b)
Start importing Assets/Scripts/ComparableQueue.cs using Guid(72864eb20e90abd4bad79c985ced2935) Importer(815301076,1909f56bfc062723c751e8b465ee728b)  -> (artifact id: '6715d6c1a4d8413d4ad1d617507540e5') in 0.008608 seconds
  Import took 0.010747 seconds .

========================================================================
Received Import Request.
  Time since last request: 24.011039 seconds.
  path: Assets/Scripts/ComparableQueue.cs
  artifactKey: Guid(72864eb20e90abd4bad79c985ced2935) Importer(815301076,1909f56bfc062723c751e8b465ee728b)
Start importing Assets/Scripts/ComparableQueue.cs using Guid(72864eb20e90abd4bad79c985ced2935) Importer(815301076,1909f56bfc062723c751e8b465ee728b)  -> (artifact id: 'e5bce259ee37dff5ae4251ad5d22f33f') in 0.002442 seconds
  Import took 0.004629 seconds .

========================================================================
Received Import Request.
  Time since last request: 79.798324 seconds.
  path: Assets/Scripts/DelegateQueue.cs
  artifactKey: Guid(4f20ba6fe86e13b43b33e853abc0f9da) Importer(815301076,1909f56bfc062723c751e8b465ee728b)
Start importing Assets/Scripts/DelegateQueue.cs using Guid(4f20ba6fe86e13b43b33e853abc0f9da) Importer(815301076,1909f56bfc062723c751e8b465ee728b)  -> (artifact id: 'e170345b3a52a5a81fd614c2d1d8db61') in 0.007559 seconds
  Import took 0.009633 seconds .

========================================================================
Received Import Request.
  Time since last request: 0.003393 seconds.
  path: Assets/Scripts/DelegateQueue.cs
  artifactKey: Guid(4f20ba6fe86e13b43b33e853abc0f9da) Importer(815301076,1909f56bfc062723c751e8b465ee728b)
Start importing Assets/Scripts/DelegateQueue.cs using Guid(4f20ba6fe86e13b43b33e853abc0f9da) Importer(815301076,1909f56bfc062723c751e8b465ee728b)  -> (artifact id: 'e170345b3a52a5a81fd614c2d1d8db61') in 0.002685 seconds
  Import took 0.004915 seconds .

========================================================================
Received Import Request.
  Time since last request: 80.356569 seconds.
  path: Assets/Scripts/DelegateQueue.cs
  artifactKey: Guid(4f20ba6fe86e13b43b33e853abc0f9da) Importer(815301076,1909f56bfc062723c751e8b465ee728b)
Start importing Assets/Scripts/DelegateQueue.cs using Guid(4f20ba6fe86e13b43b33e853abc0f9da) Importer(815301076,1909f56bfc062723c751e8b465ee728b)  -> (artifact id: 'a78ed2e44160cd5f66ef6fbc959648c4') in 0.002515 seconds
  Import took 0.004882 seconds .

========================================================================
Received Import Request.
  Time since last request: 173.613997 seconds.
  path: Assets/Scripts/Queue.cs
  artifactKey: Guid(b89b96c9ccc2f15489062c944848d85b) Importer(815301076,1909f56bfc062723c751e8b465ee728b)
Start importing Assets/Scripts/Queue.cs using Guid(b89b96c9ccc2f15489062c944848d85b) Importer(815301076,1909f56bfc062723c751e8b465ee728b)  -> (artifact id: 'f83b45681356174e8a592f16a70c3af3') in 0.009111 seconds
  Import took 0.012127 seconds .

========================================================================
Received Import Request.
  Time since last request: 0.000391 seconds.
  path: Assets/Scripts/Queue.cs
  artifactKey: Guid(b89b96c9ccc2f15489062c944848d85b) Importer(815301076,1909f56bfc062723c751e8b465ee728b)
Start importing Assets/Scripts/Queue.cs using Guid(b89b96c9ccc2f15489062c944848d85b) Importer(815301076,1909f56bfc062723c751e8b465ee728b)  -> (artifact id: 'f83b45681356174e8a592f16a70c3af3') in 0.003647 seconds
  Import took 0.006446 seconds .

========================================================================
Received Import Request.
  Time since last request: 51.448586 seconds.
  path: Assets/Scripts/Queue.cs
  artifactKey: Guid(b89b96c9ccc2f15489062c944848d85b) Importer(815301076,1909f56bfc062723c751e8b465ee728b)
Start importing Assets/Scripts/Queue.cs using Guid(b89b96c9ccc2f15489062c944848d85b) Importer(815301076,1909f56bfc062723c751e8b465ee728b)  -> (artifact id: 'd731ad0586dd79b59c65e78af691fbe4') in 0.002641 seconds
  Import took 0.005096 seconds .

========================================================================
Received Import Request.
  Time since last request: 11.711647 seconds.
  path: Assets/Scripts/Queue.cs
  artifactKey: Guid(b89b96c9ccc2f15489062c944848d85b) Importer(815301076,1909f56bfc062723c751e8b465ee728b)
Start importing Assets/Scripts/Queue.cs using Guid(b89b96c9ccc2f15489062c944848d85b) Importer(815301076,1909f56bfc062723c751e8b465ee728b)  -> (artifact id: '0b6bbff69c234f6d4a2aae4a7b1c35b9') in 0.002736 seconds
  Import took 0.004637 seconds .

========================================================================
Received Import Request.
  Time since last request: 6.673764 seconds.
  path: Assets/Scripts/Queue.cs
  artifactKey: Guid(b89b96c9ccc2f15489062c944848d85b) Importer(815301076,1909f56bfc062723c751e8b465ee728b)
Start importing Assets/Scripts/Queue.cs using Guid(b89b96c9ccc2f15489062c944848d85b) Importer(815301076,1909f56bfc062723c751e8b465ee728b)  -> (artifact id: '46d48d84bfba154961e9b1a4ef97feb1') in 0.002827 seconds
  Import took 0.004873 seconds .

========================================================================
Received Import Request.
  Time since last request: 134.560718 seconds.
  path: Assets/Scripts/Queue.cs
  artifactKey: Guid(b89b96c9ccc2f15489062c944848d85b) Importer(815301076,1909f56bfc062723c751e8b465ee728b)
Start importing Assets/Scripts/Queue.cs using Guid(b89b96c9ccc2f15489062c944848d85b) Importer(815301076,1909f56bfc062723c751e8b465ee728b)  -> (artifact id: '099085942afea02c676943bdf470a329') in 0.003334 seconds
  Import took 0.005489 seconds .

========================================================================
Received Import Request.
  Time since last request: 0.003631 seconds.
  path: Assets/Scripts/Queue.cs
  artifactKey: Guid(b89b96c9ccc2f15489062c944848d85b) Importer(815301076,1909f56bfc062723c751e8b465ee728b)
Start importing Assets/Scripts/Queue.cs using Guid(b89b96c9ccc2f15489062c944848d85b) Importer(815301076,1909f56bfc062723c751e8b465ee728b)  -> (artifact id: '099085942afea02c676943bdf470a329') in 0.002382 seconds
  Import took 0.004662 seconds .

========================================================================
Received Import Request.
  Time since last request: 36.176869 seconds.
  path: Assets/Scripts/Queue.cs
  artifactKey: Guid(b89b96c9ccc2f15489062c944848d85b) Importer(815301076,1909f56bfc062723c751e8b465ee728b)
Start importing Assets/Scripts/Queue.cs using Guid(b89b96c9ccc2f15489062c944848d85b) Importer(815301076,1909f56bfc062723c751e8b465ee728b)  -> (artifact id: 'dd441d051144bc3ed628627a5a828b2e') in 0.002329 seconds
  Import took 0.004272 seconds .

========================================================================
Received Import Request.
  Time since last request: 81.518467 seconds.
  path: Assets/Scripts/Queue.cs
  artifactKey: Guid(b89b96c9ccc2f15489062c944848d85b) Importer(815301076,1909f56bfc062723c751e8b465ee728b)
Start importing Assets/Scripts/Queue.cs using Guid(b89b96c9ccc2f15489062c944848d85b) Importer(815301076,1909f56bfc062723c751e8b465ee728b)  -> (artifact id: 'dcc218230760a11acfd5b83a725df5f3') in 0.003242 seconds
  Import took 0.005579 seconds .

========================================================================
Received Import Request.
  Time since last request: 0.008169 seconds.
  path: Assets/Scripts/Queue.cs
  artifactKey: Guid(b89b96c9ccc2f15489062c944848d85b) Importer(815301076,1909f56bfc062723c751e8b465ee728b)
Start importing Assets/Scripts/Queue.cs using Guid(b89b96c9ccc2f15489062c944848d85b) Importer(815301076,1909f56bfc062723c751e8b465ee728b)  -> (artifact id: 'dcc218230760a11acfd5b83a725df5f3') in 0.002461 seconds
  Import took 0.004654 seconds .

========================================================================
Received Import Request.
  Time since last request: 1.970300 seconds.
  path: Assets/Scripts/Queue.cs
  artifactKey: Guid(b89b96c9ccc2f15489062c944848d85b) Importer(815301076,1909f56bfc062723c751e8b465ee728b)
Start importing Assets/Scripts/Queue.cs using Guid(b89b96c9ccc2f15489062c944848d85b) Importer(815301076,1909f56bfc062723c751e8b465ee728b)  -> (artifact id: '3f903c232ff75370b857d804d6da9ead') in 0.002860 seconds
  Import took 0.005164 seconds .

========================================================================
Received Import Request.
  Time since last request: 0.003702 seconds.
  path: Assets/Scripts/Queue.cs
  artifactKey: Guid(b89b96c9ccc2f15489062c944848d85b) Importer(815301076,1909f56bfc062723c751e8b465ee728b)
Start importing Assets/Scripts/Queue.cs using Guid(b89b96c9ccc2f15489062c944848d85b) Importer(815301076,1909f56bfc062723c751e8b465ee728b)  -> (artifact id: '3f903c232ff75370b857d804d6da9ead') in 0.002510 seconds
  Import took 0.004643 seconds .

========================================================================
Received Import Request.
  Time since last request: 85.861798 seconds.
  path: Assets/Scripts/Queue.cs
  artifactKey: Guid(b89b96c9ccc2f15489062c944848d85b) Importer(815301076,1909f56bfc062723c751e8b465ee728b)
Start importing Assets/Scripts/Queue.cs using Guid(b89b96c9ccc2f15489062c944848d85b) Importer(815301076,1909f56bfc062723c751e8b465ee728b)  -> (artifact id: 'cb9f26503259a19a7a56dd17a1512612') in 0.002811 seconds
  Import took 0.013911 seconds .

========================================================================
Received Import Request.
  Time since last request: 0.000210 seconds.
  path: Assets/Scripts/Queue.cs
  artifactKey: Guid(b89b96c9ccc2f15489062c944848d85b) Importer(815301076,1909f56bfc062723c751e8b465ee728b)
Start importing Assets/Scripts/Queue.cs using Guid(b89b96c9ccc2f15489062c944848d85b) Importer(815301076,1909f56bfc062723c751e8b465ee728b)  -> (artifact id: 'cb9f26503259a19a7a56dd17a1512612') in 0.003252 seconds
  Import took 0.005160 seconds .

========================================================================
Received Import Request.
  Time since last request: 2.797032 seconds.
  path: Assets/Scripts/Queue.cs
  artifactKey: Guid(b89b96c9ccc2f15489062c944848d85b) Importer(815301076,1909f56bfc062723c751e8b465ee728b)
Start importing Assets/Scripts/Queue.cs using Guid(b89b96c9ccc2f15489062c944848d85b) Importer(815301076,1909f56bfc062723c751e8b465ee728b)  -> (artifact id: 'd379fc5810ffc3cb2c2e7c29f203d880') in 0.002811 seconds
  Import took 0.004826 seconds .

========================================================================
Received Import Request.
  Time since last request: 0.003577 seconds.
  path: Assets/Scripts/Queue.cs
  artifactKey: Guid(b89b96c9ccc2f15489062c944848d85b) Importer(815301076,1909f56bfc062723c751e8b465ee728b)
Start importing Assets/Scripts/Queue.cs using Guid(b89b96c9ccc2f15489062c944848d85b) Importer(815301076,1909f56bfc062723c751e8b465ee728b)  -> (artifact id: 'd379fc5810ffc3cb2c2e7c29f203d880') in 0.001983 seconds
  Import took 0.004308 seconds .

========================================================================
Received Import Request.
  Time since last request: 81.511139 seconds.
  path: Assets/Scripts/Queue.cs
  artifactKey: Guid(b89b96c9ccc2f15489062c944848d85b) Importer(815301076,1909f56bfc062723c751e8b465ee728b)
Start importing Assets/Scripts/Queue.cs using Guid(b89b96c9ccc2f15489062c944848d85b) Importer(815301076,1909f56bfc062723c751e8b465ee728b)  -> (artifact id: 'f5ec40fc2162704a2a2277044a4779eb') in 0.002434 seconds
  Import took 0.004986 seconds .

========================================================================
Received Import Request.
  Time since last request: 0.002978 seconds.
  path: Assets/Scripts/Queue.cs
  artifactKey: Guid(b89b96c9ccc2f15489062c944848d85b) Importer(815301076,1909f56bfc062723c751e8b465ee728b)
Start importing Assets/Scripts/Queue.cs using Guid(b89b96c9ccc2f15489062c944848d85b) Importer(815301076,1909f56bfc062723c751e8b465ee728b)  -> (artifact id: 'f5ec40fc2162704a2a2277044a4779eb') in 0.002715 seconds
  Import took 0.004771 seconds .

========================================================================
Received Import Request.
  Time since last request: 102.199635 seconds.
  path: Assets/Scripts/AbstractQueue.cs
  artifactKey: Guid(b89b96c9ccc2f15489062c944848d85b) Importer(815301076,1909f56bfc062723c751e8b465ee728b)
Start importing Assets/Scripts/AbstractQueue.cs using Guid(b89b96c9ccc2f15489062c944848d85b) Importer(815301076,1909f56bfc062723c751e8b465ee728b)  -> (artifact id: '2d3ff224d6195ee5c38a7b5594887b6b') in 0.008628 seconds
  Import took 0.010749 seconds .

========================================================================
Received Import Request.
  Time since last request: 911.787507 seconds.
  path: Assets/Scripts/Edge.cs
  artifactKey: Guid(961cd50d6a71ea943ba175bd2ba0a338) Importer(815301076,1909f56bfc062723c751e8b465ee728b)
Start importing Assets/Scripts/Edge.cs using Guid(961cd50d6a71ea943ba175bd2ba0a338) Importer(815301076,1909f56bfc062723c751e8b465ee728b)  -> (artifact id: 'f591bcec948477280eab48dcfbb58981') in 0.009808 seconds
  Import took 0.012360 seconds .

========================================================================
Received Import Request.
  Time since last request: 38.470479 seconds.
  path: Assets/Scripts/Edge.cs
  artifactKey: Guid(961cd50d6a71ea943ba175bd2ba0a338) Importer(815301076,1909f56bfc062723c751e8b465ee728b)
Start importing Assets/Scripts/Edge.cs using Guid(961cd50d6a71ea943ba175bd2ba0a338) Importer(815301076,1909f56bfc062723c751e8b465ee728b)  -> (artifact id: '0d94f094c870b503f6eb0e99a7317210') in 0.002906 seconds
  Import took 0.004884 seconds .

========================================================================
Received Import Request.
  Time since last request: 40.096061 seconds.
  path: Assets/Scripts/Road.cs
  artifactKey: Guid(3ba4faa352c64d549a91c541f5647d44) Importer(815301076,1909f56bfc062723c751e8b465ee728b)
Start importing Assets/Scripts/Road.cs using Guid(3ba4faa352c64d549a91c541f5647d44) Importer(815301076,1909f56bfc062723c751e8b465ee728b)  -> (artifact id: '9cc78b105bd69c7298fd731073aed76f') in 0.011389 seconds
  Import took 0.023545 seconds .

========================================================================
Received Import Request.
  Time since last request: 99.599709 seconds.
  path: Assets/Scripts/Road.cs
  artifactKey: Guid(3ba4faa352c64d549a91c541f5647d44) Importer(815301076,1909f56bfc062723c751e8b465ee728b)
Start importing Assets/Scripts/Road.cs using Guid(3ba4faa352c64d549a91c541f5647d44) Importer(815301076,1909f56bfc062723c751e8b465ee728b)  -> (artifact id: '6655de44385ef4a1d73fd68af7ef3b7f') in 0.002522 seconds
  Import took 0.004665 seconds .

========================================================================
Received Import Request.
  Time since last request: 0.004637 seconds.
  path: Assets/Scripts/Road.cs
  artifactKey: Guid(3ba4faa352c64d549a91c541f5647d44) Importer(815301076,1909f56bfc062723c751e8b465ee728b)
Start importing Assets/Scripts/Road.cs using Guid(3ba4faa352c64d549a91c541f5647d44) Importer(815301076,1909f56bfc062723c751e8b465ee728b)  -> (artifact id: '6655de44385ef4a1d73fd68af7ef3b7f') in 0.003787 seconds
  Import took 0.005885 seconds .

========================================================================
Received Import Request.
  Time since last request: 2684.069712 seconds.
  path: Assets/Scripts/Behaviours/ClickArriveBehaviour.cs
  artifactKey: Guid(05d55691653c38448957a4e74f3d2f15) Importer(815301076,1909f56bfc062723c751e8b465ee728b)
Start importing Assets/Scripts/Behaviours/ClickArriveBehaviour.cs using Guid(05d55691653c38448957a4e74f3d2f15) Importer(815301076,1909f56bfc062723c751e8b465ee728b)  -> (artifact id: '18ddb0f767166e5c65a80315d9c56fa7') in 0.002962 seconds
  Import took 0.006170 seconds .

========================================================================
Received Import Request.
  Time since last request: 0.002329 seconds.
  path: Assets/Scripts/Behaviours/ClickArriveBehaviour.cs
  artifactKey: Guid(05d55691653c38448957a4e74f3d2f15) Importer(815301076,1909f56bfc062723c751e8b465ee728b)
Start importing Assets/Scripts/Behaviours/ClickArriveBehaviour.cs using Guid(05d55691653c38448957a4e74f3d2f15) Importer(815301076,1909f56bfc062723c751e8b465ee728b)  -> (artifact id: '18ddb0f767166e5c65a80315d9c56fa7') in 0.002663 seconds
  Import took 0.004516 seconds .

========================================================================
Received Prepare
Registering precompiled user dll's ...
Registered in 0.000640 seconds.
Begin MonoManager ReloadAssembly
Native extension for LinuxStandalone target not found
Native extension for WindowsStandalone target not found
Refreshing native plugins compatible for Editor in 0.20 ms, found 0 plugins.
Preloading 0 native plugins for Editor in 0.00 ms.
Invoked RoslynAnalysisRunner static constructor.
RoslynAnalysisRunner will not be running.
RoslynAnalysisRunner has terminated.
Mono: successfully reloaded assembly
- Completed reload, in  1.030 seconds
Platform modules already initialized, skipping
Refreshing native plugins compatible for Editor in 0.19 ms, found 0 plugins.
Preloading 0 native plugins for Editor in 0.00 ms.
Unloading 1105 Unused Serialized files (Serialized files now loaded: 0)
System memory in use before: 56.3 MB.
System memory in use after: 56.4 MB.

Unloading 5 unused Assets to reduce memory usage. Loaded Objects now: 1551.
Total: 1.466000 ms (FindLiveObjects: 0.186100 ms CreateObjectMapping: 0.034700 ms MarkObjects: 1.177400 ms  DeleteObjects: 0.066400 ms)

========================================================================
Received Prepare
Registering precompiled user dll's ...
Registered in 0.000539 seconds.
Begin MonoManager ReloadAssembly
Native extension for LinuxStandalone target not found
Native extension for WindowsStandalone target not found
Refreshing native plugins compatible for Editor in 0.19 ms, found 0 plugins.
Preloading 0 native plugins for Editor in 0.00 ms.
Invoked RoslynAnalysisRunner static constructor.
RoslynAnalysisRunner will not be running.
RoslynAnalysisRunner has terminated.
Mono: successfully reloaded assembly
- Completed reload, in  0.921 seconds
Platform modules already initialized, skipping
Refreshing native plugins compatible for Editor in 0.22 ms, found 0 plugins.
Preloading 0 native plugins for Editor in 0.00 ms.
Unloading 1105 Unused Serialized files (Serialized files now loaded: 0)
System memory in use before: 56.4 MB.
System memory in use after: 56.5 MB.

Unloading 5 unused Assets to reduce memory usage. Loaded Objects now: 1553.
Total: 1.454800 ms (FindLiveObjects: 0.150300 ms CreateObjectMapping: 0.035600 ms MarkObjects: 1.225000 ms  DeleteObjects: 0.042100 ms)

AssetImportWorkerClient::OnTransportError - code=2 error=End of file
